<?xml version="1.0" encoding="UTF-8"?>
<testng-results ignored="0" total="1" passed="1" failed="0" skipped="0">
  <reporter-output>
  </reporter-output>
  <suite started-at="2024-04-18T09:51:46 IST" name="Default suite" finished-at="2024-04-18T09:52:07 IST" duration-ms="20280">
    <groups>
      <group name="cucumber">
        <method signature="AbstractTestNGCucumberTests.runScenario(io.cucumber.testng.PickleWrapper,io.cucumber.testng.FeatureWrapper)[pri:0, instance:MbTestRunner.MbRunnerFile@48e1f6c7]" name="runScenario" class="io.cucumber.testng.AbstractTestNGCucumberTests"/>
      </group> <!-- cucumber -->
    </groups>
    <test started-at="2024-04-18T09:51:46 IST" name="Default test" finished-at="2024-04-18T09:52:07 IST" duration-ms="20280">
      <class name="MbTestRunner.MbRunnerFile">
        <test-method is-config="true" signature="setUpClass(org.testng.ITestContext)[pri:0, instance:MbTestRunner.MbRunnerFile@48e1f6c7]" started-at="2024-04-18T09:51:47 IST" name="setUpClass" finished-at="2024-04-18T09:51:47 IST" duration-ms="418" status="PASS">
          <params>
            <param index="0">
              <value>
                <![CDATA[org.testng.TestRunner@22590e3e]]>
              </value>
            </param>
          </params>
          <reporter-output>
          </reporter-output>
        </test-method> <!-- setUpClass -->
        <test-method signature="runScenario(io.cucumber.testng.PickleWrapper,io.cucumber.testng.FeatureWrapper)[pri:0, instance:MbTestRunner.MbRunnerFile@48e1f6c7]" started-at="2024-04-18T09:51:47 IST" name="runScenario" description="Runs Cucumber Scenarios" data-provider="scenarios" finished-at="2024-04-18T09:52:07 IST" duration-ms="19766" status="PASS">
          <params>
            <param index="0">
              <value>
                <![CDATA["Request a callback with all the valid credentials"]]>
              </value>
            </param>
            <param index="1">
              <value>
                <![CDATA["To validate user is able to view the packages and rent the property at given packages"]]>
              </value>
            </param>
          </params>
          <reporter-output>
          </reporter-output>
        </test-method> <!-- runScenario -->
        <test-method is-config="true" signature="tearDownClass()[pri:0, instance:MbTestRunner.MbRunnerFile@48e1f6c7]" started-at="2024-04-18T09:52:07 IST" name="tearDownClass" finished-at="2024-04-18T09:52:07 IST" duration-ms="3" status="PASS">
          <reporter-output>
          </reporter-output>
        </test-method> <!-- tearDownClass -->
      </class> <!-- MbTestRunner.MbRunnerFile -->
    </test> <!-- Default test -->
  </suite> <!-- Default suite -->
</testng-results>
